[2022-12-02T11:34:11.433+0000] {taskinstance.py:1165} INFO - Dependencies all met for <TaskInstance: twitter_etl.transform scheduled__2022-12-02T01:33:09.249269+00:00 [queued]>
[2022-12-02T11:34:11.443+0000] {taskinstance.py:1165} INFO - Dependencies all met for <TaskInstance: twitter_etl.transform scheduled__2022-12-02T01:33:09.249269+00:00 [queued]>
[2022-12-02T11:34:11.443+0000] {taskinstance.py:1362} INFO - 
--------------------------------------------------------------------------------
[2022-12-02T11:34:11.444+0000] {taskinstance.py:1363} INFO - Starting attempt 2 of 2
[2022-12-02T11:34:11.444+0000] {taskinstance.py:1364} INFO - 
--------------------------------------------------------------------------------
[2022-12-02T11:34:11.465+0000] {taskinstance.py:1383} INFO - Executing <Task(BashOperator): transform> on 2022-12-02 01:33:09.249269+00:00
[2022-12-02T11:34:11.469+0000] {standard_task_runner.py:55} INFO - Started process 304 to run task
[2022-12-02T11:34:11.471+0000] {standard_task_runner.py:82} INFO - Running: ['***', 'tasks', 'run', 'twitter_etl', 'transform', 'scheduled__2022-12-02T01:33:09.249269+00:00', '--job-id', '1065', '--raw', '--subdir', 'DAGS_FOLDER/twitter_dags.py', '--cfg-path', '/tmp/tmpka25s5gr']
[2022-12-02T11:34:11.473+0000] {standard_task_runner.py:83} INFO - Job 1065: Subtask transform
[2022-12-02T11:34:11.533+0000] {task_command.py:376} INFO - Running <TaskInstance: twitter_etl.transform scheduled__2022-12-02T01:33:09.249269+00:00 [running]> on host e7b2a4ab9b7f
[2022-12-02T11:34:11.599+0000] {taskinstance.py:1590} INFO - Exporting the following env vars:
AIRFLOW_CTX_DAG_EMAIL=lambobr1994@gmail.com
AIRFLOW_CTX_DAG_OWNER=***
AIRFLOW_CTX_DAG_ID=twitter_etl
AIRFLOW_CTX_TASK_ID=transform
AIRFLOW_CTX_EXECUTION_DATE=2022-12-02T01:33:09.249269+00:00
AIRFLOW_CTX_TRY_NUMBER=2
AIRFLOW_CTX_DAG_RUN_ID=scheduled__2022-12-02T01:33:09.249269+00:00
[2022-12-02T11:34:11.600+0000] {subprocess.py:63} INFO - Tmp dir root location: 
 /tmp
[2022-12-02T11:34:11.601+0000] {subprocess.py:75} INFO - Running command: ['/bin/bash', '-c', 'python3 /opt/***/python_scripts/transform.py']
[2022-12-02T11:34:11.610+0000] {subprocess.py:86} INFO - Output:
[2022-12-02T11:34:22.723+0000] {subprocess.py:93} INFO - Traceback (most recent call last):
[2022-12-02T11:34:22.723+0000] {subprocess.py:93} INFO -   File "/home/***/.local/lib/python3.10/site-packages/urllib3/connection.py", line 174, in _new_conn
[2022-12-02T11:34:22.723+0000] {subprocess.py:93} INFO -     conn = connection.create_connection(
[2022-12-02T11:34:22.723+0000] {subprocess.py:93} INFO -   File "/home/***/.local/lib/python3.10/site-packages/urllib3/util/connection.py", line 72, in create_connection
[2022-12-02T11:34:22.723+0000] {subprocess.py:93} INFO -     for res in socket.getaddrinfo(host, port, family, socket.SOCK_STREAM):
[2022-12-02T11:34:22.723+0000] {subprocess.py:93} INFO -   File "/usr/local/lib/python3.10/socket.py", line 955, in getaddrinfo
[2022-12-02T11:34:22.723+0000] {subprocess.py:93} INFO -     for res in _socket.getaddrinfo(host, port, family, type, proto, flags):
[2022-12-02T11:34:22.724+0000] {subprocess.py:93} INFO - socket.gaierror: [Errno -3] Temporary failure in name resolution
[2022-12-02T11:34:22.724+0000] {subprocess.py:93} INFO - 
[2022-12-02T11:34:22.724+0000] {subprocess.py:93} INFO - During handling of the above exception, another exception occurred:
[2022-12-02T11:34:22.724+0000] {subprocess.py:93} INFO - 
[2022-12-02T11:34:22.724+0000] {subprocess.py:93} INFO - Traceback (most recent call last):
[2022-12-02T11:34:22.724+0000] {subprocess.py:93} INFO -   File "/home/***/.local/lib/python3.10/site-packages/urllib3/connectionpool.py", line 703, in urlopen
[2022-12-02T11:34:22.725+0000] {subprocess.py:93} INFO -     httplib_response = self._make_request(
[2022-12-02T11:34:22.725+0000] {subprocess.py:93} INFO -   File "/home/***/.local/lib/python3.10/site-packages/urllib3/connectionpool.py", line 386, in _make_request
[2022-12-02T11:34:22.725+0000] {subprocess.py:93} INFO -     self._validate_conn(conn)
[2022-12-02T11:34:22.725+0000] {subprocess.py:93} INFO -   File "/home/***/.local/lib/python3.10/site-packages/urllib3/connectionpool.py", line 1042, in _validate_conn
[2022-12-02T11:34:22.725+0000] {subprocess.py:93} INFO -     conn.connect()
[2022-12-02T11:34:22.725+0000] {subprocess.py:93} INFO -   File "/home/***/.local/lib/python3.10/site-packages/urllib3/connection.py", line 358, in connect
[2022-12-02T11:34:22.725+0000] {subprocess.py:93} INFO -     self.sock = conn = self._new_conn()
[2022-12-02T11:34:22.725+0000] {subprocess.py:93} INFO -   File "/home/***/.local/lib/python3.10/site-packages/urllib3/connection.py", line 186, in _new_conn
[2022-12-02T11:34:22.725+0000] {subprocess.py:93} INFO -     raise NewConnectionError(
[2022-12-02T11:34:22.725+0000] {subprocess.py:93} INFO - urllib3.exceptions.NewConnectionError: <urllib3.connection.HTTPSConnection object at 0x7fabf1c4c190>: Failed to establish a new connection: [Errno -3] Temporary failure in name resolution
[2022-12-02T11:34:22.725+0000] {subprocess.py:93} INFO - 
[2022-12-02T11:34:22.725+0000] {subprocess.py:93} INFO - During handling of the above exception, another exception occurred:
[2022-12-02T11:34:22.726+0000] {subprocess.py:93} INFO - 
[2022-12-02T11:34:22.726+0000] {subprocess.py:93} INFO - Traceback (most recent call last):
[2022-12-02T11:34:22.726+0000] {subprocess.py:93} INFO -   File "/home/***/.local/lib/python3.10/site-packages/requests/adapters.py", line 489, in send
[2022-12-02T11:34:22.726+0000] {subprocess.py:93} INFO -     resp = conn.urlopen(
[2022-12-02T11:34:22.726+0000] {subprocess.py:93} INFO -   File "/home/***/.local/lib/python3.10/site-packages/urllib3/connectionpool.py", line 787, in urlopen
[2022-12-02T11:34:22.726+0000] {subprocess.py:93} INFO -     retries = retries.increment(
[2022-12-02T11:34:22.726+0000] {subprocess.py:93} INFO -   File "/home/***/.local/lib/python3.10/site-packages/urllib3/util/retry.py", line 592, in increment
[2022-12-02T11:34:22.726+0000] {subprocess.py:93} INFO -     raise MaxRetryError(_pool, url, error or ResponseError(cause))
[2022-12-02T11:34:22.726+0000] {subprocess.py:93} INFO - urllib3.exceptions.MaxRetryError: HTTPSConnectionPool(host='api.twitter.com', port=443): Max retries exceeded with url: /2/users/44196397/tweets?max_results=100&tweet.fields=created_at%2Ctext (Caused by NewConnectionError('<urllib3.connection.HTTPSConnection object at 0x7fabf1c4c190>: Failed to establish a new connection: [Errno -3] Temporary failure in name resolution'))
[2022-12-02T11:34:22.726+0000] {subprocess.py:93} INFO - 
[2022-12-02T11:34:22.726+0000] {subprocess.py:93} INFO - During handling of the above exception, another exception occurred:
[2022-12-02T11:34:22.726+0000] {subprocess.py:93} INFO - 
[2022-12-02T11:34:22.727+0000] {subprocess.py:93} INFO - Traceback (most recent call last):
[2022-12-02T11:34:22.727+0000] {subprocess.py:93} INFO -   File "/opt/***/python_scripts/transform.py", line 8, in <module>
[2022-12-02T11:34:22.727+0000] {subprocess.py:93} INFO -     data = TweetsExtract(twitter_id = ID,tweet_count = COUNT)
[2022-12-02T11:34:22.727+0000] {subprocess.py:93} INFO -   File "/opt/***/python_scripts/extract.py", line 23, in __init__
[2022-12-02T11:34:22.727+0000] {subprocess.py:93} INFO -     self.auth()
[2022-12-02T11:34:22.727+0000] {subprocess.py:93} INFO -   File "/opt/***/python_scripts/extract.py", line 26, in auth
[2022-12-02T11:34:22.727+0000] {subprocess.py:93} INFO -     self.object = client.get_users_tweets(id=self.twitter_id,
[2022-12-02T11:34:22.728+0000] {subprocess.py:93} INFO -   File "/home/***/.local/lib/python3.10/site-packages/tweepy/client.py", line 1583, in get_users_tweets
[2022-12-02T11:34:22.728+0000] {subprocess.py:93} INFO -     return self._make_request(
[2022-12-02T11:34:22.728+0000] {subprocess.py:93} INFO -   File "/home/***/.local/lib/python3.10/site-packages/tweepy/client.py", line 129, in _make_request
[2022-12-02T11:34:22.728+0000] {subprocess.py:93} INFO -     response = self.request(method, route, params=request_params,
[2022-12-02T11:34:22.728+0000] {subprocess.py:93} INFO -   File "/home/***/.local/lib/python3.10/site-packages/tweepy/client.py", line 84, in request
[2022-12-02T11:34:22.728+0000] {subprocess.py:93} INFO -     with self.session.request(
[2022-12-02T11:34:22.728+0000] {subprocess.py:93} INFO -   File "/home/***/.local/lib/python3.10/site-packages/requests/sessions.py", line 587, in request
[2022-12-02T11:34:22.728+0000] {subprocess.py:93} INFO -     resp = self.send(prep, **send_kwargs)
[2022-12-02T11:34:22.728+0000] {subprocess.py:93} INFO -   File "/home/***/.local/lib/python3.10/site-packages/requests/sessions.py", line 701, in send
[2022-12-02T11:34:22.728+0000] {subprocess.py:93} INFO -     r = adapter.send(request, **kwargs)
[2022-12-02T11:34:22.728+0000] {subprocess.py:93} INFO -   File "/home/***/.local/lib/python3.10/site-packages/requests/adapters.py", line 565, in send
[2022-12-02T11:34:22.729+0000] {subprocess.py:93} INFO -     raise ConnectionError(e, request=request)
[2022-12-02T11:34:22.729+0000] {subprocess.py:93} INFO - requests.exceptions.ConnectionError: HTTPSConnectionPool(host='api.twitter.com', port=443): Max retries exceeded with url: /2/users/44196397/tweets?max_results=100&tweet.fields=created_at%2Ctext (Caused by NewConnectionError('<urllib3.connection.HTTPSConnection object at 0x7fabf1c4c190>: Failed to establish a new connection: [Errno -3] Temporary failure in name resolution'))
[2022-12-02T11:34:22.818+0000] {subprocess.py:97} INFO - Command exited with return code 1
[2022-12-02T11:34:22.826+0000] {taskinstance.py:1851} ERROR - Task failed with exception
Traceback (most recent call last):
  File "/home/airflow/.local/lib/python3.10/site-packages/airflow/operators/bash.py", line 196, in execute
    raise AirflowException(
airflow.exceptions.AirflowException: Bash command failed. The command returned a non-zero exit code 1.
[2022-12-02T11:34:22.830+0000] {taskinstance.py:1401} INFO - Marking task as FAILED. dag_id=twitter_etl, task_id=transform, execution_date=20221202T013309, start_date=20221202T113411, end_date=20221202T113422
[2022-12-02T11:34:22.847+0000] {standard_task_runner.py:100} ERROR - Failed to execute job 1065 for task transform (Bash command failed. The command returned a non-zero exit code 1.; 304)
[2022-12-02T11:34:22.876+0000] {local_task_job.py:159} INFO - Task exited with return code 1
[2022-12-02T11:34:22.895+0000] {taskinstance.py:2623} INFO - 0 downstream tasks scheduled from follow-on schedule check
